<testsuites>
  <testsuite name='cis-kubernetes-benchmark' tests='124' failed='37' failures='37'>
    <testcase name='cis-kubernetes-benchmark-2.2.7' classname='cis-kubernetes-benchmark.cis-kubernetes-benchmark-2.2.7' target='local://' time='1.29e-05'>
      <skipped/>
    </testcase>
  </testsuite>
  <testsuite name='cis-kubernetes-benchmark the sequal' tests='124' failed='37' failures='37'>
    <testcase name='cis-kubernetes-benchmark-2.2.7 the sequal' classname='cis-kubernetes-benchmark.cis-kubernetes-benchmark-2.2.7' target='local://' time='1.29e-05'>
      <skipped/>
    </testcase>
  </testsuite>
</testsuites>