<testsuites>
  <testsuite name='cis-kubernetes-benchmark' tests='124' failed='37' failures='37'>
    <testcase name='cis-kubernetes-benchmark-2.2.7' classname='cis-kubernetes-benchmark.cis-kubernetes-benchmark-2.2.7' target='local://' time='1.29e-05'>
      <skipped/>
    </testcase>
    <testcase name='cis-kubernetes-benchmark-2.2.8' classname='cis-kubernetes-benchmark.cis-kubernetes-benchmark-2.2.8' target='local://' time='1.27e-05'>
      <skipped/>
    </testcase>
    <testcase name='File /var/lib/kubelet/config.yaml should be owned by &quot;root&quot;' classname='cis-kubernetes-benchmark.cis-kubernetes-benchmark-2.2.9' target='local://' time='0.0018732'>
      <failure message='expected File /var/lib/kubelet/config.yaml.owned_by?(&quot;root&quot;) to return true, got false'/>
    </testcase>
    <testcase name='File /var/lib/kubelet/config.yaml should be grouped into &quot;root&quot;' classname='cis-kubernetes-benchmark.cis-kubernetes-benchmark-2.2.9' target='local://' time='0.0001827'>
      <failure message='expected File /var/lib/kubelet/config.yaml.grouped_into?(&quot;root&quot;) to return true, got false'/>
    </testcase>
    <testcase name='Control Source Code Error ./cis-kubernetes-benchmark/controls/2_2_worker_node_configuration_files.rb:232 ' classname='cis-kubernetes-benchmark.cis-kubernetes-benchmark-2.2.10' target='local://' time='7.57e-05'>
      <failure message='wrong number of arguments (given 1, expected 0)'/>
    </testcase>
    <testcase name='[&quot;kube-controller-manager --allocate-node-cidrs=true --authentication-kubeconfig=/etc/kubernetes/controller-manager.conf --authorization-kubeconfig=/etc/kubernetes/controller-manager.conf --bind-address=127.0.0.1 --client-ca-file=/etc/kubernetes/pki/ca.crt --cluster-cidr=10.244.0.0/16 --cluster-signing-cert-file=/etc/kubernetes/pki/ca.crt --cluster-signing-key-file=/etc/kubernetes/pki/ca.key --controllers=*,bootstrapsigner,tokencleaner --enable-hostpath-provisioner=true --kubeconfig=/etc/kubernetes/controller-manager.conf --leader-elect=true --node-cidr-mask-size=24 --requestheader-client-ca-file=/etc/kubernetes/pki/front-proxy-ca.crt --root-ca-file=/etc/kubernetes/pki/ca.crt --service-account-private-key-file=/etc/kubernetes/pki/sa.key --use-service-account-credentials=true&quot;] should match /--terminated-pod-gc-threshold=/' classname='cis-kubernetes-benchmark.cis-kubernetes-benchmark-1.3.1' target='local://' time='0.0002487'>
      <failure message='expected &quot;[\&quot;kube-controller-manager --allocate-node-cidrs=true --authentication-kubeconfig=/etc/kubernetes/co...rvice-account-private-key-file=/etc/kubernetes/pki/sa.key --use-service-account-credentials=true\&quot;]&quot; to match /--terminated-pod-gc-threshold=/
Diff:
@@ -1,2 +1,2 @@
-/--terminated-pod-gc-threshold=/
+&quot;[\&quot;kube-controller-manager --allocate-node-cidrs=true --authentication-kubeconfig=/etc/kubernetes/controller-manager.conf --authorization-kubeconfig=/etc/kubernetes/controller-manager.conf --bind-address=127.0.0.1 --client-ca-file=/etc/kubernetes/pki/ca.crt --cluster-cidr=10.244.0.0/16 --cluster-signing-cert-file=/etc/kubernetes/pki/ca.crt --cluster-signing-key-file=/etc/kubernetes/pki/ca.key --controllers=*,bootstrapsigner,tokencleaner --enable-hostpath-provisioner=true --kubeconfig=/etc/kubernetes/controller-manager.conf --leader-elect=true --node-cidr-mask-size=24 --requestheader-client-ca-file=/etc/kubernetes/pki/front-proxy-ca.crt --root-ca-file=/etc/kubernetes/pki/ca.crt --service-account-private-key-file=/etc/kubernetes/pki/sa.key --use-service-account-credentials=true\&quot;]&quot;
'/>
    </testcase>
    <testcase name='[&quot;kube-controller-manager --allocate-node-cidrs=true --authentication-kubeconfig=/etc/kubernetes/controller-manager.conf --authorization-kubeconfig=/etc/kubernetes/controller-manager.conf --bind-address=127.0.0.1 --client-ca-file=/etc/kubernetes/pki/ca.crt --cluster-cidr=10.244.0.0/16 --cluster-signing-cert-file=/etc/kubernetes/pki/ca.crt --cluster-signing-key-file=/etc/kubernetes/pki/ca.key --controllers=*,bootstrapsigner,tokencleaner --enable-hostpath-provisioner=true --kubeconfig=/etc/kubernetes/controller-manager.conf --leader-elect=true --node-cidr-mask-size=24 --requestheader-client-ca-file=/etc/kubernetes/pki/front-proxy-ca.crt --root-ca-file=/etc/kubernetes/pki/ca.crt --service-account-private-key-file=/etc/kubernetes/pki/sa.key --use-service-account-credentials=true&quot;] should match /--profiling=false/' classname='cis-kubernetes-benchmark.cis-kubernetes-benchmark-1.3.2' target='local://' time='0.0002266'>
      <failure message='expected &quot;[\&quot;kube-controller-manager --allocate-node-cidrs=true --authentication-kubeconfig=/etc/kubernetes/co...rvice-account-private-key-file=/etc/kubernetes/pki/sa.key --use-service-account-credentials=true\&quot;]&quot; to match /--profiling=false/
Diff:
@@ -1,2 +1,2 @@
-/--profiling=false/
+&quot;[\&quot;kube-controller-manager --allocate-node-cidrs=true --authentication-kubeconfig=/etc/kubernetes/controller-manager.conf --authorization-kubeconfig=/etc/kubernetes/controller-manager.conf --bind-address=127.0.0.1 --client-ca-file=/etc/kubernetes/pki/ca.crt --cluster-cidr=10.244.0.0/16 --cluster-signing-cert-file=/etc/kubernetes/pki/ca.crt --cluster-signing-key-file=/etc/kubernetes/pki/ca.key --controllers=*,bootstrapsigner,tokencleaner --enable-hostpath-provisioner=true --kubeconfig=/etc/kubernetes/controller-manager.conf --leader-elect=true --node-cidr-mask-size=24 --requestheader-client-ca-file=/etc/kubernetes/pki/front-proxy-ca.crt --root-ca-file=/etc/kubernetes/pki/ca.crt --service-account-private-key-file=/etc/kubernetes/pki/sa.key --use-service-account-credentials=true\&quot;]&quot;
'/>
    </testcase>
    <testcase name='[&quot;kube-controller-manager --allocate-node-cidrs=true --authentication-kubeconfig=/etc/kubernetes/controller-manager.conf --authorization-kubeconfig=/etc/kubernetes/controller-manager.conf --bind-address=127.0.0.1 --client-ca-file=/etc/kubernetes/pki/ca.crt --cluster-cidr=10.244.0.0/16 --cluster-signing-cert-file=/etc/kubernetes/pki/ca.crt --cluster-signing-key-file=/etc/kubernetes/pki/ca.key --controllers=*,bootstrapsigner,tokencleaner --enable-hostpath-provisioner=true --kubeconfig=/etc/kubernetes/controller-manager.conf --leader-elect=true --node-cidr-mask-size=24 --requestheader-client-ca-file=/etc/kubernetes/pki/front-proxy-ca.crt --root-ca-file=/etc/kubernetes/pki/ca.crt --service-account-private-key-file=/etc/kubernetes/pki/sa.key --use-service-account-credentials=true&quot;] should match /--use-service-account-credentials=true/' classname='cis-kubernetes-benchmark.cis-kubernetes-benchmark-1.3.3' target='local://' time='8.67e-05'/>
    <testcase name='[&quot;kube-controller-manager --allocate-node-cidrs=true --authentication-kubeconfig=/etc/kubernetes/controller-manager.conf --authorization-kubeconfig=/etc/kubernetes/controller-manager.conf --bind-address=127.0.0.1 --client-ca-file=/etc/kubernetes/pki/ca.crt --cluster-cidr=10.244.0.0/16 --cluster-signing-cert-file=/etc/kubernetes/pki/ca.crt --cluster-signing-key-file=/etc/kubernetes/pki/ca.key --controllers=*,bootstrapsigner,tokencleaner --enable-hostpath-provisioner=true --kubeconfig=/etc/kubernetes/controller-manager.conf --leader-elect=true --node-cidr-mask-size=24 --requestheader-client-ca-file=/etc/kubernetes/pki/front-proxy-ca.crt --root-ca-file=/etc/kubernetes/pki/ca.crt --service-account-private-key-file=/etc/kubernetes/pki/sa.key --use-service-account-credentials=true&quot;] should match /--service-account-private-key-file=/' classname='cis-kubernetes-benchmark.cis-kubernetes-benchmark-1.3.4' target='local://' time='8.09e-05'/>
    <testcase name='[&quot;kube-controller-manager --allocate-node-cidrs=true --authentication-kubeconfig=/etc/kubernetes/controller-manager.conf --authorization-kubeconfig=/etc/kubernetes/controller-manager.conf --bind-address=127.0.0.1 --client-ca-file=/etc/kubernetes/pki/ca.crt --cluster-cidr=10.244.0.0/16 --cluster-signing-cert-file=/etc/kubernetes/pki/ca.crt --cluster-signing-key-file=/etc/kubernetes/pki/ca.key --controllers=*,bootstrapsigner,tokencleaner --enable-hostpath-provisioner=true --kubeconfig=/etc/kubernetes/controller-manager.conf --leader-elect=true --node-cidr-mask-size=24 --requestheader-client-ca-file=/etc/kubernetes/pki/front-proxy-ca.crt --root-ca-file=/etc/kubernetes/pki/ca.crt --service-account-private-key-file=/etc/kubernetes/pki/sa.key --use-service-account-credentials=true&quot;] should match /--root-ca-file=/' classname='cis-kubernetes-benchmark.cis-kubernetes-benchmark-1.3.5' target='local://' time='7.93e-05'/>
    <testcase name='[&quot;kube-controller-manager --allocate-node-cidrs=true --authentication-kubeconfig=/etc/kubernetes/controller-manager.conf --authorization-kubeconfig=/etc/kubernetes/controller-manager.conf --bind-address=127.0.0.1 --client-ca-file=/etc/kubernetes/pki/ca.crt --cluster-cidr=10.244.0.0/16 --cluster-signing-cert-file=/etc/kubernetes/pki/ca.crt --cluster-signing-key-file=/etc/kubernetes/pki/ca.key --controllers=*,bootstrapsigner,tokencleaner --enable-hostpath-provisioner=true --kubeconfig=/etc/kubernetes/controller-manager.conf --leader-elect=true --node-cidr-mask-size=24 --requestheader-client-ca-file=/etc/kubernetes/pki/front-proxy-ca.crt --root-ca-file=/etc/kubernetes/pki/ca.crt --service-account-private-key-file=/etc/kubernetes/pki/sa.key --use-service-account-credentials=true&quot;] should match /--feature-gates=(?:.)*RotateKubeletServerCertificate=true,*(?:.)*/' classname='cis-kubernetes-benchmark.cis-kubernetes-benchmark-1.3.6' target='local://' time='0.0002183'>
      <failure message='expected &quot;[\&quot;kube-controller-manager --allocate-node-cidrs=true --authentication-kubeconfig=/etc/kubernetes/co...rvice-account-private-key-file=/etc/kubernetes/pki/sa.key --use-service-account-credentials=true\&quot;]&quot; to match /--feature-gates=(?:.)*RotateKubeletServerCertificate=true,*(?:.)*/
Diff:
@@ -1,2 +1,2 @@
-/--feature-gates=(?:.)*RotateKubeletServerCertificate=true,*(?:.)*/
+&quot;[\&quot;kube-controller-manager --allocate-node-cidrs=true --authentication-kubeconfig=/etc/kubernetes/controller-manager.conf --authorization-kubeconfig=/etc/kubernetes/controller-manager.conf --bind-address=127.0.0.1 --client-ca-file=/etc/kubernetes/pki/ca.crt --cluster-cidr=10.244.0.0/16 --cluster-signing-cert-file=/etc/kubernetes/pki/ca.crt --cluster-signing-key-file=/etc/kubernetes/pki/ca.key --controllers=*,bootstrapsigner,tokencleaner --enable-hostpath-provisioner=true --kubeconfig=/etc/kubernetes/controller-manager.conf --leader-elect=true --node-cidr-mask-size=24 --requestheader-client-ca-file=/etc/kubernetes/pki/front-proxy-ca.crt --root-ca-file=/etc/kubernetes/pki/ca.crt --service-account-private-key-file=/etc/kubernetes/pki/sa.key --use-service-account-credentials=true\&quot;]&quot;
'/>
    </testcase>
    <testcase name='[&quot;kube-controller-manager --allocate-node-cidrs=true --authentication-kubeconfig=/etc/kubernetes/controller-manager.conf --authorization-kubeconfig=/etc/kubernetes/controller-manager.conf --bind-address=127.0.0.1 --client-ca-file=/etc/kubernetes/pki/ca.crt --cluster-cidr=10.244.0.0/16 --cluster-signing-cert-file=/etc/kubernetes/pki/ca.crt --cluster-signing-key-file=/etc/kubernetes/pki/ca.key --controllers=*,bootstrapsigner,tokencleaner --enable-hostpath-provisioner=true --kubeconfig=/etc/kubernetes/controller-manager.conf --leader-elect=true --node-cidr-mask-size=24 --requestheader-client-ca-file=/etc/kubernetes/pki/front-proxy-ca.crt --root-ca-file=/etc/kubernetes/pki/ca.crt --service-account-private-key-file=/etc/kubernetes/pki/sa.key --use-service-account-credentials=true&quot;] should match /--bind-address=127\.0\.0\.1/' classname='cis-kubernetes-benchmark.cis-kubernetes-benchmark-1.3.7' target='local://' time='7.65e-05'/>
  </testsuite>
</testsuites>