<testsuite name='test suite A' tests='0' failed='0' failures='0'>
</testsuite>